<?xml version="1.0" encoding="UTF-8"?>
<testng-results skipped="0" failed="0" ignored="0" total="1" passed="1">
  <reporter-output>
  </reporter-output>
  <suite name="Surefire suite" duration-ms="75" started-at="2019-12-18T01:17:52Z" finished-at="2019-12-18T01:17:53Z">
    <groups>
    </groups>
    <test name="Surefire test" duration-ms="75" started-at="2019-12-18T01:17:52Z" finished-at="2019-12-18T01:17:53Z">
      <class name="com.PrcticeProject.cucumber_jvm_template.AppTest">
        <test-method status="PASS" signature="testApp()" name="testApp" duration-ms="22" started-at="2019-12-18T01:17:53Z" finished-at="2019-12-18T01:17:53Z">
          <reporter-output>
          </reporter-output>
        </test-method> <!-- testApp -->
      </class> <!-- com.PrcticeProject.cucumber_jvm_template.AppTest -->
    </test> <!-- Surefire test -->
  </suite> <!-- Surefire suite -->
</testng-results>
